[0221/161819.687:ERROR:process_reader_win.cc(151)] SuspendThread: Access is denied. (0x5)
[0221/161819.691:ERROR:process_reader_win.cc(151)] SuspendThread: Access is denied. (0x5)
[0221/161819.691:ERROR:process_reader_win.cc(123)] NtOpenThread: {Access Denied} A process has requested access to an object, but has not been granted those access rights. (0xc0000022)
[0221/161819.737:ERROR:exception_snapshot_win.cc(98)] thread ID 13840 not found in process
[0221/162614.157:ERROR:process_reader_win.cc(151)] SuspendThread: Access is denied. (0x5)
[0221/162614.159:ERROR:process_reader_win.cc(151)] SuspendThread: Access is denied. (0x5)
[0221/162614.159:ERROR:process_reader_win.cc(151)] SuspendThread: Access is denied. (0x5)
[0221/162614.159:ERROR:process_reader_win.cc(151)] SuspendThread: Access is denied. (0x5)
[0221/162614.188:ERROR:process_reader_win.cc(151)] SuspendThread: Access is denied. (0x5)
[0221/162614.188:ERROR:process_reader_win.cc(123)] NtOpenThread: {Access Denied} A process has requested access to an object, but has not been granted those access rights. (0xc0000022)
[0221/162614.188:ERROR:exception_snapshot_win.cc(98)] thread ID 4392 not found in process
[0221/162735.650:ERROR:process_reader_win.cc(151)] SuspendThread: Access is denied. (0x5)
[0221/162735.652:ERROR:process_reader_win.cc(151)] SuspendThread: Access is denied. (0x5)
[0221/162735.652:ERROR:process_reader_win.cc(151)] SuspendThread: Access is denied. (0x5)
[0221/162735.652:ERROR:process_reader_win.cc(151)] SuspendThread: Access is denied. (0x5)
[0221/162735.652:ERROR:process_reader_win.cc(123)] NtOpenThread: {Access Denied} A process has requested access to an object, but has not been granted those access rights. (0xc0000022)
[0221/162735.652:ERROR:exception_snapshot_win.cc(98)] thread ID 2712 not found in process
[0221/162756.916:ERROR:process_reader_win.cc(151)] SuspendThread: Access is denied. (0x5)
[0221/162756.917:ERROR:process_reader_win.cc(151)] SuspendThread: Access is denied. (0x5)
[0221/162756.917:ERROR:process_reader_win.cc(151)] SuspendThread: Access is denied. (0x5)
[0221/162756.917:ERROR:process_reader_win.cc(151)] SuspendThread: Access is denied. (0x5)
[0221/162756.917:ERROR:process_reader_win.cc(123)] NtOpenThread: {Access Denied} A process has requested access to an object, but has not been granted those access rights. (0xc0000022)
[0221/162756.917:ERROR:exception_snapshot_win.cc(98)] thread ID 8092 not found in process
[0221/162818.631:ERROR:process_reader_win.cc(151)] SuspendThread: Access is denied. (0x5)
[0221/162818.632:ERROR:process_reader_win.cc(151)] SuspendThread: Access is denied. (0x5)
[0221/162818.632:ERROR:process_reader_win.cc(151)] SuspendThread: Access is denied. (0x5)
[0221/162818.632:ERROR:process_reader_win.cc(151)] SuspendThread: Access is denied. (0x5)
[0221/162818.632:ERROR:process_reader_win.cc(151)] SuspendThread: Access is denied. (0x5)
[0221/162818.632:ERROR:process_reader_win.cc(151)] SuspendThread: Access is denied. (0x5)
[0221/162818.632:ERROR:process_reader_win.cc(151)] SuspendThread: Access is denied. (0x5)
[0221/162818.632:ERROR:process_reader_win.cc(151)] SuspendThread: Access is denied. (0x5)
[0221/162818.632:ERROR:process_reader_win.cc(151)] SuspendThread: Access is denied. (0x5)
[0221/162818.632:ERROR:process_reader_win.cc(151)] SuspendThread: Access is denied. (0x5)
[0221/162818.632:ERROR:process_reader_win.cc(151)] SuspendThread: Access is denied. (0x5)
[0221/162818.632:ERROR:process_reader_win.cc(151)] SuspendThread: Access is denied. (0x5)
[0221/162818.632:ERROR:process_reader_win.cc(151)] SuspendThread: Access is denied. (0x5)
[0221/162818.632:ERROR:process_reader_win.cc(151)] SuspendThread: Access is denied. (0x5)
[0221/162818.632:ERROR:process_reader_win.cc(151)] SuspendThread: Access is denied. (0x5)
[0221/162818.632:ERROR:process_reader_win.cc(151)] SuspendThread: Access is denied. (0x5)
[0221/162818.632:ERROR:process_reader_win.cc(151)] SuspendThread: Access is denied. (0x5)
[0221/162818.632:ERROR:process_reader_win.cc(151)] SuspendThread: Access is denied. (0x5)
[0221/162818.632:ERROR:process_reader_win.cc(151)] SuspendThread: Access is denied. (0x5)
[0221/162818.633:ERROR:process_reader_win.cc(151)] SuspendThread: Access is denied. (0x5)
[0221/162818.633:ERROR:process_reader_win.cc(151)] SuspendThread: Access is denied. (0x5)
[0221/162818.633:ERROR:process_reader_win.cc(151)] SuspendThread: Access is denied. (0x5)
[0221/162818.633:ERROR:process_reader_win.cc(151)] SuspendThread: Access is denied. (0x5)
[0221/162818.633:ERROR:process_reader_win.cc(151)] SuspendThread: Access is denied. (0x5)
[0221/162818.633:ERROR:process_reader_win.cc(151)] SuspendThread: Access is denied. (0x5)
[0221/162818.633:ERROR:process_reader_win.cc(151)] SuspendThread: Access is denied. (0x5)
[0221/162818.633:ERROR:process_reader_win.cc(151)] SuspendThread: Access is denied. (0x5)
[0221/162818.633:ERROR:process_reader_win.cc(151)] SuspendThread: Access is denied. (0x5)
[0221/162818.633:ERROR:process_reader_win.cc(151)] SuspendThread: Access is denied. (0x5)
[0221/162818.633:ERROR:process_reader_win.cc(151)] SuspendThread: Access is denied. (0x5)
[0221/162818.633:ERROR:process_reader_win.cc(151)] SuspendThread: Access is denied. (0x5)
[0221/162818.633:ERROR:process_reader_win.cc(151)] SuspendThread: Access is denied. (0x5)
[0221/162818.633:ERROR:process_reader_win.cc(151)] SuspendThread: Access is denied. (0x5)
[0221/162818.633:ERROR:process_reader_win.cc(151)] SuspendThread: Access is denied. (0x5)
[0221/162818.633:ERROR:process_reader_win.cc(123)] NtOpenThread: {Access Denied} A process has requested access to an object, but has not been granted those access rights. (0xc0000022)
[0221/162818.633:ERROR:exception_snapshot_win.cc(98)] thread ID 14148 not found in process
[0221/163051.972:ERROR:process_reader_win.cc(151)] SuspendThread: Access is denied. (0x5)
[0221/163051.973:ERROR:process_reader_win.cc(151)] SuspendThread: Access is denied. (0x5)
[0221/163051.973:ERROR:process_reader_win.cc(151)] SuspendThread: Access is denied. (0x5)
[0221/163051.973:ERROR:process_reader_win.cc(151)] SuspendThread: Access is denied. (0x5)
[0221/163051.973:ERROR:process_reader_win.cc(151)] SuspendThread: Access is denied. (0x5)
[0221/163051.973:ERROR:process_reader_win.cc(151)] SuspendThread: Access is denied. (0x5)
[0221/163051.973:ERROR:process_reader_win.cc(151)] SuspendThread: Access is denied. (0x5)
[0221/163051.973:ERROR:process_reader_win.cc(151)] SuspendThread: Access is denied. (0x5)
[0221/163051.973:ERROR:process_reader_win.cc(151)] SuspendThread: Access is denied. (0x5)
[0221/163051.973:ERROR:process_reader_win.cc(151)] SuspendThread: Access is denied. (0x5)
[0221/163051.973:ERROR:process_reader_win.cc(151)] SuspendThread: Access is denied. (0x5)
[0221/163051.973:ERROR:process_reader_win.cc(151)] SuspendThread: Access is denied. (0x5)
[0221/163051.973:ERROR:process_reader_win.cc(151)] SuspendThread: Access is denied. (0x5)
[0221/163051.973:ERROR:process_reader_win.cc(151)] SuspendThread: Access is denied. (0x5)
[0221/163051.973:ERROR:process_reader_win.cc(151)] SuspendThread: Access is denied. (0x5)
[0221/163051.973:ERROR:process_reader_win.cc(151)] SuspendThread: Access is denied. (0x5)
[0221/163051.973:ERROR:process_reader_win.cc(151)] SuspendThread: Access is denied. (0x5)
[0221/163051.973:ERROR:process_reader_win.cc(151)] SuspendThread: Access is denied. (0x5)
[0221/163051.973:ERROR:process_reader_win.cc(151)] SuspendThread: Access is denied. (0x5)
[0221/163051.973:ERROR:process_reader_win.cc(151)] SuspendThread: Access is denied. (0x5)
[0221/163051.973:ERROR:process_reader_win.cc(151)] SuspendThread: Access is denied. (0x5)
[0221/163051.973:ERROR:process_reader_win.cc(151)] SuspendThread: Access is denied. (0x5)
[0221/163051.973:ERROR:process_reader_win.cc(151)] SuspendThread: Access is denied. (0x5)
[0221/163051.973:ERROR:process_reader_win.cc(151)] SuspendThread: Access is denied. (0x5)
[0221/163051.973:ERROR:process_reader_win.cc(151)] SuspendThread: Access is denied. (0x5)
[0221/163051.973:ERROR:process_reader_win.cc(151)] SuspendThread: Access is denied. (0x5)
[0221/163051.973:ERROR:process_reader_win.cc(151)] SuspendThread: Access is denied. (0x5)
[0221/163051.973:ERROR:process_reader_win.cc(151)] SuspendThread: Access is denied. (0x5)
[0221/163051.973:ERROR:process_reader_win.cc(151)] SuspendThread: Access is denied. (0x5)
[0221/163051.973:ERROR:process_reader_win.cc(151)] SuspendThread: Access is denied. (0x5)
[0221/163051.973:ERROR:process_reader_win.cc(151)] SuspendThread: Access is denied. (0x5)
[0221/163051.973:ERROR:process_reader_win.cc(151)] SuspendThread: Access is denied. (0x5)
[0221/163051.973:ERROR:process_reader_win.cc(151)] SuspendThread: Access is denied. (0x5)
[0221/163051.973:ERROR:process_reader_win.cc(151)] SuspendThread: Access is denied. (0x5)
[0221/163051.974:ERROR:process_reader_win.cc(151)] SuspendThread: Access is denied. (0x5)
[0221/163051.974:ERROR:process_reader_win.cc(151)] SuspendThread: Access is denied. (0x5)
[0221/163051.974:ERROR:process_reader_win.cc(123)] NtOpenThread: {Access Denied} A process has requested access to an object, but has not been granted those access rights. (0xc0000022)
[0221/163051.974:ERROR:exception_snapshot_win.cc(98)] thread ID 2444 not found in process
[0221/163341.134:ERROR:process_reader_win.cc(151)] SuspendThread: Access is denied. (0x5)
[0221/163341.135:ERROR:process_reader_win.cc(151)] SuspendThread: Access is denied. (0x5)
[0221/163341.135:ERROR:process_reader_win.cc(151)] SuspendThread: Access is denied. (0x5)
[0221/163341.135:ERROR:process_reader_win.cc(151)] SuspendThread: Access is denied. (0x5)
[0221/163341.135:ERROR:process_reader_win.cc(151)] SuspendThread: Access is denied. (0x5)
[0221/163341.135:ERROR:process_reader_win.cc(151)] SuspendThread: Access is denied. (0x5)
[0221/163341.135:ERROR:process_reader_win.cc(151)] SuspendThread: Access is denied. (0x5)
[0221/163341.135:ERROR:process_reader_win.cc(151)] SuspendThread: Access is denied. (0x5)
[0221/163341.135:ERROR:process_reader_win.cc(151)] SuspendThread: Access is denied. (0x5)
[0221/163341.135:ERROR:process_reader_win.cc(151)] SuspendThread: Access is denied. (0x5)
[0221/163341.135:ERROR:process_reader_win.cc(151)] SuspendThread: Access is denied. (0x5)
[0221/163341.135:ERROR:process_reader_win.cc(151)] SuspendThread: Access is denied. (0x5)
[0221/163341.135:ERROR:process_reader_win.cc(151)] SuspendThread: Access is denied. (0x5)
[0221/163341.135:ERROR:process_reader_win.cc(151)] SuspendThread: Access is denied. (0x5)
[0221/163341.135:ERROR:process_reader_win.cc(151)] SuspendThread: Access is denied. (0x5)
[0221/163341.136:ERROR:process_reader_win.cc(151)] SuspendThread: Access is denied. (0x5)
[0221/163341.136:ERROR:process_reader_win.cc(151)] SuspendThread: Access is denied. (0x5)
[0221/163341.136:ERROR:process_reader_win.cc(151)] SuspendThread: Access is denied. (0x5)
[0221/163341.136:ERROR:process_reader_win.cc(151)] SuspendThread: Access is denied. (0x5)
[0221/163341.136:ERROR:process_reader_win.cc(151)] SuspendThread: Access is denied. (0x5)
[0221/163341.136:ERROR:process_reader_win.cc(151)] SuspendThread: Access is denied. (0x5)
[0221/163341.136:ERROR:process_reader_win.cc(151)] SuspendThread: Access is denied. (0x5)
[0221/163341.136:ERROR:process_reader_win.cc(151)] SuspendThread: Access is denied. (0x5)
[0221/163341.136:ERROR:process_reader_win.cc(151)] SuspendThread: Access is denied. (0x5)
[0221/163341.136:ERROR:process_reader_win.cc(151)] SuspendThread: Access is denied. (0x5)
[0221/163341.136:ERROR:process_reader_win.cc(151)] SuspendThread: Access is denied. (0x5)
[0221/163341.136:ERROR:process_reader_win.cc(151)] SuspendThread: Access is denied. (0x5)
[0221/163341.136:ERROR:process_reader_win.cc(151)] SuspendThread: Access is denied. (0x5)
[0221/163341.136:ERROR:process_reader_win.cc(151)] SuspendThread: Access is denied. (0x5)
[0221/163341.136:ERROR:process_reader_win.cc(151)] SuspendThread: Access is denied. (0x5)
[0221/163341.136:ERROR:process_reader_win.cc(151)] SuspendThread: Access is denied. (0x5)
[0221/163341.136:ERROR:process_reader_win.cc(151)] SuspendThread: Access is denied. (0x5)
[0221/163341.136:ERROR:process_reader_win.cc(151)] SuspendThread: Access is denied. (0x5)
[0221/163341.136:ERROR:process_reader_win.cc(151)] SuspendThread: Access is denied. (0x5)
[0221/163341.136:ERROR:process_reader_win.cc(151)] SuspendThread: Access is denied. (0x5)
[0221/163341.136:ERROR:process_reader_win.cc(151)] SuspendThread: Access is denied. (0x5)
[0221/163341.136:ERROR:process_reader_win.cc(123)] NtOpenThread: {Access Denied} A process has requested access to an object, but has not been granted those access rights. (0xc0000022)
[0221/163341.136:ERROR:exception_snapshot_win.cc(98)] thread ID 13672 not found in process
[0221/163357.195:ERROR:process_reader_win.cc(151)] SuspendThread: Access is denied. (0x5)
[0221/163357.196:ERROR:process_reader_win.cc(151)] SuspendThread: Access is denied. (0x5)
[0221/163357.196:ERROR:process_reader_win.cc(151)] SuspendThread: Access is denied. (0x5)
[0221/163357.196:ERROR:process_reader_win.cc(151)] SuspendThread: Access is denied. (0x5)
[0221/163357.196:ERROR:process_reader_win.cc(123)] NtOpenThread: {Access Denied} A process has requested access to an object, but has not been granted those access rights. (0xc0000022)
[0221/163357.196:ERROR:exception_snapshot_win.cc(98)] thread ID 12228 not found in process
[0221/163513.978:ERROR:process_reader_win.cc(123)] NtOpenThread: {Access Denied} A process has requested access to an object, but has not been granted those access rights. (0xc0000022)
[0221/163513.979:ERROR:exception_snapshot_win.cc(98)] thread ID 13768 not found in process
[0221/164101.637:ERROR:process_reader_win.cc(151)] SuspendThread: Access is denied. (0x5)
[0221/164101.638:ERROR:process_reader_win.cc(151)] SuspendThread: Access is denied. (0x5)
[0221/164101.638:ERROR:process_reader_win.cc(151)] SuspendThread: Access is denied. (0x5)
[0221/164101.638:ERROR:process_reader_win.cc(151)] SuspendThread: Access is denied. (0x5)
[0221/164101.638:ERROR:process_reader_win.cc(151)] SuspendThread: Access is denied. (0x5)
[0221/164101.638:ERROR:process_reader_win.cc(151)] SuspendThread: Access is denied. (0x5)
[0221/164101.638:ERROR:process_reader_win.cc(151)] SuspendThread: Access is denied. (0x5)
[0221/164101.638:ERROR:process_reader_win.cc(151)] SuspendThread: Access is denied. (0x5)
[0221/164101.638:ERROR:process_reader_win.cc(151)] SuspendThread: Access is denied. (0x5)
[0221/164101.638:ERROR:process_reader_win.cc(151)] SuspendThread: Access is denied. (0x5)
[0221/164101.638:ERROR:process_reader_win.cc(151)] SuspendThread: Access is denied. (0x5)
[0221/164101.638:ERROR:process_reader_win.cc(151)] SuspendThread: Access is denied. (0x5)
[0221/164101.638:ERROR:process_reader_win.cc(151)] SuspendThread: Access is denied. (0x5)
[0221/164101.638:ERROR:process_reader_win.cc(151)] SuspendThread: Access is denied. (0x5)
[0221/164101.638:ERROR:process_reader_win.cc(151)] SuspendThread: Access is denied. (0x5)
[0221/164101.638:ERROR:process_reader_win.cc(151)] SuspendThread: Access is denied. (0x5)
[0221/164101.638:ERROR:process_reader_win.cc(151)] SuspendThread: Access is denied. (0x5)
[0221/164101.638:ERROR:process_reader_win.cc(151)] SuspendThread: Access is denied. (0x5)
[0221/164101.638:ERROR:process_reader_win.cc(151)] SuspendThread: Access is denied. (0x5)
[0221/164101.638:ERROR:process_reader_win.cc(151)] SuspendThread: Access is denied. (0x5)
[0221/164101.638:ERROR:process_reader_win.cc(151)] SuspendThread: Access is denied. (0x5)
[0221/164101.638:ERROR:process_reader_win.cc(151)] SuspendThread: Access is denied. (0x5)
[0221/164101.638:ERROR:process_reader_win.cc(151)] SuspendThread: Access is denied. (0x5)
[0221/164101.638:ERROR:process_reader_win.cc(151)] SuspendThread: Access is denied. (0x5)
[0221/164101.638:ERROR:process_reader_win.cc(151)] SuspendThread: Access is denied. (0x5)
[0221/164101.638:ERROR:process_reader_win.cc(151)] SuspendThread: Access is denied. (0x5)
[0221/164101.638:ERROR:process_reader_win.cc(151)] SuspendThread: Access is denied. (0x5)
[0221/164101.638:ERROR:process_reader_win.cc(151)] SuspendThread: Access is denied. (0x5)
[0221/164101.638:ERROR:process_reader_win.cc(151)] SuspendThread: Access is denied. (0x5)
[0221/164101.638:ERROR:process_reader_win.cc(151)] SuspendThread: Access is denied. (0x5)
[0221/164101.638:ERROR:process_reader_win.cc(151)] SuspendThread: Access is denied. (0x5)
[0221/164101.638:ERROR:process_reader_win.cc(151)] SuspendThread: Access is denied. (0x5)
[0221/164101.639:ERROR:process_reader_win.cc(151)] SuspendThread: Access is denied. (0x5)
[0221/164101.639:ERROR:process_reader_win.cc(151)] SuspendThread: Access is denied. (0x5)
[0221/164101.639:ERROR:process_reader_win.cc(151)] SuspendThread: Access is denied. (0x5)
[0221/164101.639:ERROR:process_reader_win.cc(151)] SuspendThread: Access is denied. (0x5)
[0221/164101.639:ERROR:process_reader_win.cc(151)] SuspendThread: Access is denied. (0x5)
[0221/164101.639:ERROR:process_reader_win.cc(151)] SuspendThread: Access is denied. (0x5)
[0221/164101.639:ERROR:process_reader_win.cc(123)] NtOpenThread: {Access Denied} A process has requested access to an object, but has not been granted those access rights. (0xc0000022)
[0221/164101.639:ERROR:exception_snapshot_win.cc(98)] thread ID 5024 not found in process
[0221/164340.933:ERROR:process_reader_win.cc(151)] SuspendThread: Access is denied. (0x5)
[0221/164340.935:ERROR:process_reader_win.cc(151)] SuspendThread: Access is denied. (0x5)
[0221/164340.935:ERROR:process_reader_win.cc(151)] SuspendThread: Access is denied. (0x5)
[0221/164340.935:ERROR:process_reader_win.cc(151)] SuspendThread: Access is denied. (0x5)
[0221/164340.935:ERROR:process_reader_win.cc(123)] NtOpenThread: {Access Denied} A process has requested access to an object, but has not been granted those access rights. (0xc0000022)
[0221/164340.935:ERROR:exception_snapshot_win.cc(98)] thread ID 10140 not found in process
[0221/164744.081:ERROR:process_reader_win.cc(151)] SuspendThread: Access is denied. (0x5)
[0221/164744.082:ERROR:process_reader_win.cc(151)] SuspendThread: Access is denied. (0x5)
[0221/164744.082:ERROR:process_reader_win.cc(151)] SuspendThread: Access is denied. (0x5)
[0221/164744.082:ERROR:process_reader_win.cc(151)] SuspendThread: Access is denied. (0x5)
[0221/164744.082:ERROR:process_reader_win.cc(123)] NtOpenThread: {Access Denied} A process has requested access to an object, but has not been granted those access rights. (0xc0000022)
[0221/164744.082:ERROR:exception_snapshot_win.cc(98)] thread ID 13880 not found in process
[0221/164956.104:ERROR:process_reader_win.cc(151)] SuspendThread: Access is denied. (0x5)
[0221/164956.105:ERROR:process_reader_win.cc(151)] SuspendThread: Access is denied. (0x5)
[0221/164956.105:ERROR:process_reader_win.cc(151)] SuspendThread: Access is denied. (0x5)
[0221/164956.105:ERROR:process_reader_win.cc(151)] SuspendThread: Access is denied. (0x5)
[0221/164956.105:ERROR:process_reader_win.cc(123)] NtOpenThread: {Access Denied} A process has requested access to an object, but has not been granted those access rights. (0xc0000022)
[0221/164956.106:ERROR:exception_snapshot_win.cc(98)] thread ID 14100 not found in process
[0221/165125.883:ERROR:process_reader_win.cc(151)] SuspendThread: Access is denied. (0x5)
[0221/165125.884:ERROR:process_reader_win.cc(151)] SuspendThread: Access is denied. (0x5)
[0221/165125.884:ERROR:process_reader_win.cc(151)] SuspendThread: Access is denied. (0x5)
[0221/165125.884:ERROR:process_reader_win.cc(151)] SuspendThread: Access is denied. (0x5)
[0221/165125.884:ERROR:process_reader_win.cc(123)] NtOpenThread: {Access Denied} A process has requested access to an object, but has not been granted those access rights. (0xc0000022)
[0221/165125.884:ERROR:exception_snapshot_win.cc(98)] thread ID 11304 not found in process
[0221/165555.597:ERROR:process_reader_win.cc(151)] SuspendThread: Access is denied. (0x5)
[0221/165555.598:ERROR:process_reader_win.cc(151)] SuspendThread: Access is denied. (0x5)
[0221/165555.598:ERROR:process_reader_win.cc(151)] SuspendThread: Access is denied. (0x5)
[0221/165555.598:ERROR:process_reader_win.cc(151)] SuspendThread: Access is denied. (0x5)
[0221/165555.598:ERROR:process_reader_win.cc(151)] SuspendThread: Access is denied. (0x5)
[0221/165555.598:ERROR:process_reader_win.cc(151)] SuspendThread: Access is denied. (0x5)
[0221/165555.598:ERROR:process_reader_win.cc(151)] SuspendThread: Access is denied. (0x5)
[0221/165555.598:ERROR:process_reader_win.cc(151)] SuspendThread: Access is denied. (0x5)
[0221/165555.598:ERROR:process_reader_win.cc(151)] SuspendThread: Access is denied. (0x5)
[0221/165555.598:ERROR:process_reader_win.cc(151)] SuspendThread: Access is denied. (0x5)
[0221/165555.599:ERROR:process_reader_win.cc(151)] SuspendThread: Access is denied. (0x5)
[0221/165555.599:ERROR:process_reader_win.cc(151)] SuspendThread: Access is denied. (0x5)
[0221/165555.599:ERROR:process_reader_win.cc(151)] SuspendThread: Access is denied. (0x5)
[0221/165555.599:ERROR:process_reader_win.cc(151)] SuspendThread: Access is denied. (0x5)
[0221/165555.599:ERROR:process_reader_win.cc(151)] SuspendThread: Access is denied. (0x5)
[0221/165555.599:ERROR:process_reader_win.cc(151)] SuspendThread: Access is denied. (0x5)
[0221/165555.599:ERROR:process_reader_win.cc(151)] SuspendThread: Access is denied. (0x5)
[0221/165555.599:ERROR:process_reader_win.cc(151)] SuspendThread: Access is denied. (0x5)
[0221/165555.599:ERROR:process_reader_win.cc(151)] SuspendThread: Access is denied. (0x5)
[0221/165555.599:ERROR:process_reader_win.cc(151)] SuspendThread: Access is denied. (0x5)
[0221/165555.599:ERROR:process_reader_win.cc(151)] SuspendThread: Access is denied. (0x5)
[0221/165555.599:ERROR:process_reader_win.cc(151)] SuspendThread: Access is denied. (0x5)
[0221/165555.599:ERROR:process_reader_win.cc(151)] SuspendThread: Access is denied. (0x5)
[0221/165555.599:ERROR:process_reader_win.cc(151)] SuspendThread: Access is denied. (0x5)
[0221/165555.599:ERROR:process_reader_win.cc(151)] SuspendThread: Access is denied. (0x5)
[0221/165555.599:ERROR:process_reader_win.cc(151)] SuspendThread: Access is denied. (0x5)
[0221/165555.599:ERROR:process_reader_win.cc(151)] SuspendThread: Access is denied. (0x5)
[0221/165555.599:ERROR:process_reader_win.cc(151)] SuspendThread: Access is denied. (0x5)
[0221/165555.599:ERROR:process_reader_win.cc(151)] SuspendThread: Access is denied. (0x5)
[0221/165555.599:ERROR:process_reader_win.cc(151)] SuspendThread: Access is denied. (0x5)
[0221/165555.599:ERROR:process_reader_win.cc(151)] SuspendThread: Access is denied. (0x5)
[0221/165555.599:ERROR:process_reader_win.cc(151)] SuspendThread: Access is denied. (0x5)
[0221/165555.599:ERROR:process_reader_win.cc(151)] SuspendThread: Access is denied. (0x5)
[0221/165555.599:ERROR:process_reader_win.cc(151)] SuspendThread: Access is denied. (0x5)
[0221/165555.599:ERROR:process_reader_win.cc(151)] SuspendThread: Access is denied. (0x5)
[0221/165555.599:ERROR:process_reader_win.cc(151)] SuspendThread: Access is denied. (0x5)
[0221/165555.599:ERROR:process_reader_win.cc(123)] NtOpenThread: {Access Denied} A process has requested access to an object, but has not been granted those access rights. (0xc0000022)
[0221/165555.599:ERROR:exception_snapshot_win.cc(98)] thread ID 7144 not found in process
[0221/171052.979:ERROR:process_reader_win.cc(151)] SuspendThread: Access is denied. (0x5)
[0221/171052.980:ERROR:process_reader_win.cc(151)] SuspendThread: Access is denied. (0x5)
[0221/171052.980:ERROR:process_reader_win.cc(151)] SuspendThread: Access is denied. (0x5)
[0221/171052.980:ERROR:process_reader_win.cc(151)] SuspendThread: Access is denied. (0x5)
[0221/171052.980:ERROR:process_reader_win.cc(151)] SuspendThread: Access is denied. (0x5)
[0221/171052.980:ERROR:process_reader_win.cc(151)] SuspendThread: Access is denied. (0x5)
[0221/171052.980:ERROR:process_reader_win.cc(151)] SuspendThread: Access is denied. (0x5)
[0221/171052.980:ERROR:process_reader_win.cc(151)] SuspendThread: Access is denied. (0x5)
[0221/171052.980:ERROR:process_reader_win.cc(151)] SuspendThread: Access is denied. (0x5)
[0221/171052.980:ERROR:process_reader_win.cc(151)] SuspendThread: Access is denied. (0x5)
[0221/171052.980:ERROR:process_reader_win.cc(151)] SuspendThread: Access is denied. (0x5)
[0221/171052.980:ERROR:process_reader_win.cc(151)] SuspendThread: Access is denied. (0x5)
[0221/171052.980:ERROR:process_reader_win.cc(151)] SuspendThread: Access is denied. (0x5)
[0221/171052.981:ERROR:process_reader_win.cc(151)] SuspendThread: Access is denied. (0x5)
[0221/171052.981:ERROR:process_reader_win.cc(151)] SuspendThread: Access is denied. (0x5)
[0221/171052.981:ERROR:process_reader_win.cc(151)] SuspendThread: Access is denied. (0x5)
[0221/171052.981:ERROR:process_reader_win.cc(151)] SuspendThread: Access is denied. (0x5)
[0221/171052.981:ERROR:process_reader_win.cc(151)] SuspendThread: Access is denied. (0x5)
[0221/171052.981:ERROR:process_reader_win.cc(151)] SuspendThread: Access is denied. (0x5)
[0221/171052.981:ERROR:process_reader_win.cc(151)] SuspendThread: Access is denied. (0x5)
[0221/171052.981:ERROR:process_reader_win.cc(151)] SuspendThread: Access is denied. (0x5)
[0221/171052.981:ERROR:process_reader_win.cc(151)] SuspendThread: Access is denied. (0x5)
[0221/171052.981:ERROR:process_reader_win.cc(151)] SuspendThread: Access is denied. (0x5)
[0221/171052.981:ERROR:process_reader_win.cc(151)] SuspendThread: Access is denied. (0x5)
[0221/171052.981:ERROR:process_reader_win.cc(151)] SuspendThread: Access is denied. (0x5)
[0221/171052.981:ERROR:process_reader_win.cc(151)] SuspendThread: Access is denied. (0x5)
[0221/171052.981:ERROR:process_reader_win.cc(123)] NtOpenThread: {Access Denied} A process has requested access to an object, but has not been granted those access rights. (0xc0000022)
[0221/171052.981:ERROR:exception_snapshot_win.cc(98)] thread ID 12596 not found in process
[0221/171053.158:ERROR:process_memory_win.cc(73)] ReadMemory at 0x1fb00266ac0 of 72 bytes failed: Only part of a ReadProcessMemory or WriteProcessMemory request was completed. (0x12B)
[0221/171053.158:WARNING:pe_image_annotations_reader.cc(134)] could not read annotations list object in C:\Program Files (x86)\Google\Chrome\Application\79.0.3945.130\chrome_elf.dll
[0221/171053.159:ERROR:process_memory_win.cc(73)] ReadMemory at 0x1fb003b5650 of 72 bytes failed: Only part of a ReadProcessMemory or WriteProcessMemory request was completed. (0x12B)
[0221/171053.159:WARNING:pe_image_annotations_reader.cc(134)] could not read annotations list object in C:\Program Files (x86)\Google\Chrome\Application\79.0.3945.130\chrome_child.dll
[0221/171053.159:ERROR:process_memory_win.cc(73)] ReadMemory at 0x1fb00270000 of 64 bytes failed: Only part of a ReadProcessMemory or WriteProcessMemory request was completed. (0x12B)
[0221/171053.159:WARNING:pe_image_reader.cc(340)] could not read dos header from C:\WINDOWS\System32\shcore.dll
[0221/171053.160:ERROR:process_memory_win.cc(73)] ReadMemory at 0x1fb00266ac0 of 72 bytes failed: Only part of a ReadProcessMemory or WriteProcessMemory request was completed. (0x12B)
[0221/171053.160:WARNING:pe_image_annotations_reader.cc(134)] could not read annotations list object in C:\Program Files (x86)\Google\Chrome\Application\79.0.3945.130\chrome_elf.dll
[0221/171053.160:ERROR:process_memory_win.cc(73)] ReadMemory at 0x1fb003b5650 of 72 bytes failed: Only part of a ReadProcessMemory or WriteProcessMemory request was completed. (0x12B)
[0221/171053.160:WARNING:pe_image_annotations_reader.cc(134)] could not read annotations list object in C:\Program Files (x86)\Google\Chrome\Application\79.0.3945.130\chrome_child.dll
[0221/171053.160:ERROR:process_memory_win.cc(73)] ReadMemory at 0x1fb00270000 of 64 bytes failed: Only part of a ReadProcessMemory or WriteProcessMemory request was completed. (0x12B)
[0221/171053.160:WARNING:pe_image_reader.cc(340)] could not read dos header from C:\WINDOWS\System32\shcore.dll
[0221/171053.180:ERROR:process_memory_win.cc(73)] ReadMemory at 0x22ed5f6000 of 40960 bytes failed: Only part of a ReadProcessMemory or WriteProcessMemory request was completed. (0x12B)
[0221/171053.180:ERROR:process_memory_win.cc(73)] ReadMemory at 0x22eddfd000 of 12288 bytes failed: Only part of a ReadProcessMemory or WriteProcessMemory request was completed. (0x12B)
[0221/171053.180:ERROR:process_memory_win.cc(73)] ReadMemory at 0x22ee5fc000 of 16384 bytes failed: Only part of a ReadProcessMemory or WriteProcessMemory request was completed. (0x12B)
[0221/171053.180:ERROR:process_memory_win.cc(73)] ReadMemory at 0x22eedfc000 of 16384 bytes failed: Only part of a ReadProcessMemory or WriteProcessMemory request was completed. (0x12B)
[0221/171053.181:ERROR:process_memory_win.cc(73)] ReadMemory at 0x22ef5fc000 of 16384 bytes failed: Only part of a ReadProcessMemory or WriteProcessMemory request was completed. (0x12B)
[0221/171053.181:ERROR:process_memory_win.cc(73)] ReadMemory at 0x22efdfe000 of 8192 bytes failed: Only part of a ReadProcessMemory or WriteProcessMemory request was completed. (0x12B)
[0221/171053.181:ERROR:process_memory_win.cc(73)] ReadMemory at 0x22f05fd000 of 12288 bytes failed: Only part of a ReadProcessMemory or WriteProcessMemory request was completed. (0x12B)
[0221/171053.181:ERROR:process_memory_win.cc(73)] ReadMemory at 0x22f0dfc000 of 16384 bytes failed: Only part of a ReadProcessMemory or WriteProcessMemory request was completed. (0x12B)
[0221/171053.181:ERROR:process_memory_win.cc(73)] ReadMemory at 0x22f15fd000 of 12288 bytes failed: Only part of a ReadProcessMemory or WriteProcessMemory request was completed. (0x12B)
[0221/171053.181:ERROR:process_memory_win.cc(73)] ReadMemory at 0x22f25fd000 of 12288 bytes failed: Only part of a ReadProcessMemory or WriteProcessMemory request was completed. (0x12B)
[0221/171053.181:ERROR:process_memory_win.cc(73)] ReadMemory at 0x22f2dfd000 of 12288 bytes failed: Only part of a ReadProcessMemory or WriteProcessMemory request was completed. (0x12B)
[0221/171053.181:ERROR:process_memory_win.cc(73)] ReadMemory at 0x22f35fd000 of 12288 bytes failed: Only part of a ReadProcessMemory or WriteProcessMemory request was completed. (0x12B)
[0221/171053.181:ERROR:process_memory_win.cc(73)] ReadMemory at 0x22f3dfd000 of 12288 bytes failed: Only part of a ReadProcessMemory or WriteProcessMemory request was completed. (0x12B)
[0221/171053.181:ERROR:process_memory_win.cc(73)] ReadMemory at 0x22ecc00000 of 6024 bytes failed: Only part of a ReadProcessMemory or WriteProcessMemory request was completed. (0x12B)
[0221/171053.182:ERROR:process_memory_win.cc(73)] ReadMemory at 0x22ecc02000 of 6024 bytes failed: Only part of a ReadProcessMemory or WriteProcessMemory request was completed. (0x12B)
[0221/171053.182:ERROR:process_memory_win.cc(73)] ReadMemory at 0x22ecc04000 of 6024 bytes failed: Only part of a ReadProcessMemory or WriteProcessMemory request was completed. (0x12B)
[0221/171053.182:ERROR:process_memory_win.cc(73)] ReadMemory at 0x22ecc06000 of 6024 bytes failed: Only part of a ReadProcessMemory or WriteProcessMemory request was completed. (0x12B)
[0221/171053.182:ERROR:process_memory_win.cc(73)] ReadMemory at 0x22ecc08000 of 6024 bytes failed: Only part of a ReadProcessMemory or WriteProcessMemory request was completed. (0x12B)
[0221/171053.182:ERROR:process_memory_win.cc(73)] ReadMemory at 0x22ecc0a000 of 6024 bytes failed: Only part of a ReadProcessMemory or WriteProcessMemory request was completed. (0x12B)
[0221/171053.182:ERROR:process_memory_win.cc(73)] ReadMemory at 0x22ecc0e000 of 6024 bytes failed: Only part of a ReadProcessMemory or WriteProcessMemory request was completed. (0x12B)
[0221/171053.182:ERROR:process_memory_win.cc(73)] ReadMemory at 0x22ecc10000 of 6024 bytes failed: Only part of a ReadProcessMemory or WriteProcessMemory request was completed. (0x12B)
[0221/171053.182:ERROR:process_memory_win.cc(73)] ReadMemory at 0x22ecc12000 of 6024 bytes failed: Only part of a ReadProcessMemory or WriteProcessMemory request was completed. (0x12B)
[0221/171053.182:ERROR:process_memory_win.cc(73)] ReadMemory at 0x22ecc14000 of 6024 bytes failed: Only part of a ReadProcessMemory or WriteProcessMemory request was completed. (0x12B)
[0221/171053.182:ERROR:process_memory_win.cc(73)] ReadMemory at 0x22ecdf9000 of 852 bytes failed: Only part of a ReadProcessMemory or WriteProcessMemory request was completed. (0x12B)
[0221/171053.182:ERROR:process_memory_win.cc(73)] ReadMemory at 0x22ecdfa000 of 6024 bytes failed: Only part of a ReadProcessMemory or WriteProcessMemory request was completed. (0x12B)
[0221/171053.182:ERROR:process_memory_win.cc(73)] ReadMemory at 0x22ecdfc000 of 6024 bytes failed: Only part of a ReadProcessMemory or WriteProcessMemory request was completed. (0x12B)
[0221/171053.182:ERROR:process_memory_win.cc(73)] ReadMemory at 0x22ecdfe000 of 6024 bytes failed: Only part of a ReadProcessMemory or WriteProcessMemory request was completed. (0x12B)
[0221/171053.183:ERROR:process_memory_win.cc(73)] ReadMemory at 0x1fb00181720 of 512 bytes failed: Only part of a ReadProcessMemory or WriteProcessMemory request was completed. (0x12B)
[0221/171053.183:ERROR:process_memory_win.cc(73)] ReadMemory at 0x1fb00181d20 of 512 bytes failed: Only part of a ReadProcessMemory or WriteProcessMemory request was completed. (0x12B)
[0221/171053.183:ERROR:process_memory_win.cc(73)] ReadMemory at 0x1fb003de420 of 512 bytes failed: Only part of a ReadProcessMemory or WriteProcessMemory request was completed. (0x12B)
[0221/171053.183:ERROR:process_memory_win.cc(73)] ReadMemory at 0x1fb003de660 of 512 bytes failed: Only part of a ReadProcessMemory or WriteProcessMemory request was completed. (0x12B)
[0221/171053.183:ERROR:process_memory_win.cc(73)] ReadMemory at 0x1fb003f0910 of 512 bytes failed: Only part of a ReadProcessMemory or WriteProcessMemory request was completed. (0x12B)
[0221/171053.183:ERROR:process_memory_win.cc(73)] ReadMemory at 0x1fb00410a80 of 512 bytes failed: Only part of a ReadProcessMemory or WriteProcessMemory request was completed. (0x12B)
[0221/171053.183:ERROR:process_memory_win.cc(73)] ReadMemory at 0x1fb00415660 of 712 bytes failed: Only part of a ReadProcessMemory or WriteProcessMemory request was completed. (0x12B)
[0221/171053.183:ERROR:process_memory_win.cc(73)] ReadMemory at 0x1fb024234d0 of 536 bytes failed: Only part of a ReadProcessMemory or WriteProcessMemory request was completed. (0x12B)
[0221/171053.183:ERROR:process_memory_win.cc(73)] ReadMemory at 0x1fb02450f30 of 512 bytes failed: Only part of a ReadProcessMemory or WriteProcessMemory request was completed. (0x12B)
[0221/171053.183:ERROR:process_memory_win.cc(73)] ReadMemory at 0x1fb0246ccf8 of 512 bytes failed: Only part of a ReadProcessMemory or WriteProcessMemory request was completed. (0x12B)
[0221/171053.183:ERROR:process_memory_win.cc(73)] ReadMemory at 0x1fb0246d448 of 512 bytes failed: Only part of a ReadProcessMemory or WriteProcessMemory request was completed. (0x12B)
[0221/171053.183:ERROR:process_memory_win.cc(73)] ReadMemory at 0x1fb02495fa0 of 512 bytes failed: Only part of a ReadProcessMemory or WriteProcessMemory request was completed. (0x12B)
[0221/171053.183:ERROR:process_memory_win.cc(73)] ReadMemory at 0x1fb02496aa8 of 512 bytes failed: Only part of a ReadProcessMemory or WriteProcessMemory request was completed. (0x12B)
[0221/171053.183:ERROR:process_memory_win.cc(73)] ReadMemory at 0x1fb02497fd8 of 512 bytes failed: Only part of a ReadProcessMemory or WriteProcessMemory request was completed. (0x12B)
[0221/171053.183:ERROR:process_memory_win.cc(73)] ReadMemory at 0x1fb02540480 of 704 bytes failed: Only part of a ReadProcessMemory or WriteProcessMemory request was completed. (0x12B)
[0221/171053.183:ERROR:process_memory_win.cc(73)] ReadMemory at 0x1fb02600c78 of 512 bytes failed: Only part of a ReadProcessMemory or WriteProcessMemory request was completed. (0x12B)
[0221/171053.184:ERROR:process_memory_win.cc(73)] ReadMemory at 0x1fb6dcf0fe0 of 4490 bytes failed: Only part of a ReadProcessMemory or WriteProcessMemory request was completed. (0x12B)
[0221/171053.184:ERROR:process_memory_win.cc(73)] ReadMemory at 0x1fb6dcf2180 of 1012 bytes failed: Only part of a ReadProcessMemory or WriteProcessMemory request was completed. (0x12B)
[0221/171053.184:ERROR:process_memory_win.cc(73)] ReadMemory at 0x1fb6dcf27a8 of 118 bytes failed: Only part of a ReadProcessMemory or WriteProcessMemory request was completed. (0x12B)
[0221/171053.184:ERROR:process_memory_win.cc(73)] ReadMemory at 0x1fb6dcf2820 of 1354 bytes failed: Only part of a ReadProcessMemory or WriteProcessMemory request was completed. (0x12B)
[0221/171053.184:ERROR:process_memory_win.cc(73)] ReadMemory at 0x1fb6dcf2d6c of 118 bytes failed: Only part of a ReadProcessMemory or WriteProcessMemory request was completed. (0x12B)
[0221/171053.184:ERROR:process_memory_win.cc(73)] ReadMemory at 0x1fb6dcf2de4 of 96 bytes failed: Only part of a ReadProcessMemory or WriteProcessMemory request was completed. (0x12B)
[0221/171053.184:ERROR:process_memory_win.cc(73)] ReadMemory at 0x1fb6dcf2e50 of 58 bytes failed: Only part of a ReadProcessMemory or WriteProcessMemory request was completed. (0x12B)
[0221/171053.184:ERROR:process_memory_win.cc(73)] ReadMemory at 0x1fb6dcf2f50 of 132 bytes failed: Only part of a ReadProcessMemory or WriteProcessMemory request was completed. (0x12B)
[0221/171053.184:ERROR:process_memory_win.cc(73)] ReadMemory at 0x1fb6dcf30e0 of 132 bytes failed: Only part of a ReadProcessMemory or WriteProcessMemory request was completed. (0x12B)
[0221/171053.184:ERROR:process_memory_win.cc(73)] ReadMemory at 0x1fb6dcf32a0 of 126 bytes failed: Only part of a ReadProcessMemory or WriteProcessMemory request was completed. (0x12B)
[0221/171053.184:ERROR:process_memory_win.cc(73)] ReadMemory at 0x1fb6dcf3680 of 132 bytes failed: Only part of a ReadProcessMemory or WriteProcessMemory request was completed. (0x12B)
[0221/171053.184:ERROR:process_memory_win.cc(73)] ReadMemory at 0x1fb6dcf3810 of 64 bytes failed: Only part of a ReadProcessMemory or WriteProcessMemory request was completed. (0x12B)
[0221/171053.184:ERROR:process_memory_win.cc(73)] ReadMemory at 0x1fb6dcf3860 of 132 bytes failed: Only part of a ReadProcessMemory or WriteProcessMemory request was completed. (0x12B)
[0221/171053.184:ERROR:process_memory_win.cc(73)] ReadMemory at 0x1fb6dcf3990 of 158 bytes failed: Only part of a ReadProcessMemory or WriteProcessMemory request was completed. (0x12B)
[0221/171053.184:ERROR:process_memory_win.cc(73)] ReadMemory at 0x1fb6dcf3a70 of 154 bytes failed: Only part of a ReadProcessMemory or WriteProcessMemory request was completed. (0x12B)
[0221/171053.184:ERROR:process_memory_win.cc(73)] ReadMemory at 0x1fb6dcf3c70 of 132 bytes failed: Only part of a ReadProcessMemory or WriteProcessMemory request was completed. (0x12B)
[0221/171053.184:ERROR:process_memory_win.cc(73)] ReadMemory at 0x1fb6dcf3e00 of 68 bytes failed: Only part of a ReadProcessMemory or WriteProcessMemory request was completed. (0x12B)
[0221/171053.184:ERROR:process_memory_win.cc(73)] ReadMemory at 0x1fb6dcf4e00 of 132 bytes failed: Only part of a ReadProcessMemory or WriteProcessMemory request was completed. (0x12B)
[0221/171053.185:ERROR:process_memory_win.cc(73)] ReadMemory at 0x1fb6dcf4fd0 of 132 bytes failed: Only part of a ReadProcessMemory or WriteProcessMemory request was completed. (0x12B)
[0221/171053.185:ERROR:process_memory_win.cc(73)] ReadMemory at 0x1fb6dcf5f30 of 62 bytes failed: Only part of a ReadProcessMemory or WriteProcessMemory request was completed. (0x12B)
[0221/171053.185:ERROR:process_memory_win.cc(73)] ReadMemory at 0x1fb6dcf6060 of 132 bytes failed: Only part of a ReadProcessMemory or WriteProcessMemory request was completed. (0x12B)
[0221/171053.185:ERROR:process_memory_win.cc(73)] ReadMemory at 0x1fb6dcf61f0 of 60 bytes failed: Only part of a ReadProcessMemory or WriteProcessMemory request was completed. (0x12B)
[0221/171053.185:ERROR:process_memory_win.cc(73)] ReadMemory at 0x1fb6dcfa590 of 132 bytes failed: Only part of a ReadProcessMemory or WriteProcessMemory request was completed. (0x12B)
[0221/171053.185:ERROR:process_memory_win.cc(73)] ReadMemory at 0x1fb6dcfa9d0 of 132 bytes failed: Only part of a ReadProcessMemory or WriteProcessMemory request was completed. (0x12B)
[0221/171053.185:ERROR:process_memory_win.cc(73)] ReadMemory at 0x1fb6dcfab60 of 80 bytes failed: Only part of a ReadProcessMemory or WriteProcessMemory request was completed. (0x12B)
[0221/171053.185:ERROR:process_memory_win.cc(73)] ReadMemory at 0x1fb6dcfacd0 of 62 bytes failed: Only part of a ReadProcessMemory or WriteProcessMemory request was completed. (0x12B)
[0221/171053.185:ERROR:process_memory_win.cc(73)] ReadMemory at 0x1fb6dcfad20 of 60 bytes failed: Only part of a ReadProcessMemory or WriteProcessMemory request was completed. (0x12B)
[0221/171053.185:ERROR:process_memory_win.cc(73)] ReadMemory at 0x1fb6dcfadc0 of 64 bytes failed: Only part of a ReadProcessMemory or WriteProcessMemory request was completed. (0x12B)
[0221/171053.185:ERROR:process_memory_win.cc(73)] ReadMemory at 0x1fb6dcfae10 of 64 bytes failed: Only part of a ReadProcessMemory or WriteProcessMemory request was completed. (0x12B)
[0221/171053.185:ERROR:process_memory_win.cc(73)] ReadMemory at 0x1fb6dcfaff0 of 64 bytes failed: Only part of a ReadProcessMemory or WriteProcessMemory request was completed. (0x12B)
[0221/171053.185:ERROR:process_memory_win.cc(73)] ReadMemory at 0x1fb6dcfb040 of 66 bytes failed: Only part of a ReadProcessMemory or WriteProcessMemory request was completed. (0x12B)
[0221/171053.185:ERROR:process_memory_win.cc(73)] ReadMemory at 0x1fb6dcfb180 of 62 bytes failed: Only part of a ReadProcessMemory or WriteProcessMemory request was completed. (0x12B)
[0221/171053.185:ERROR:process_memory_win.cc(73)] ReadMemory at 0x1fb6dcfb2c0 of 60 bytes failed: Only part of a ReadProcessMemory or WriteProcessMemory request was completed. (0x12B)
[0221/171053.185:ERROR:process_memory_win.cc(73)] ReadMemory at 0x1fb6dcfb310 of 64 bytes failed: Only part of a ReadProcessMemory or WriteProcessMemory request was completed. (0x12B)
[0221/171053.185:ERROR:process_memory_win.cc(73)] ReadMemory at 0x1fb6dcfbab0 of 132 bytes failed: Only part of a ReadProcessMemory or WriteProcessMemory request was completed. (0x12B)
[0221/171053.185:ERROR:process_memory_win.cc(73)] ReadMemory at 0x1fb6dcfbbe0 of 132 bytes failed: Only part of a ReadProcessMemory or WriteProcessMemory request was completed. (0x12B)
[0221/171053.186:ERROR:process_memory_win.cc(73)] ReadMemory at 0x1fb6dcfbd10 of 132 bytes failed: Only part of a ReadProcessMemory or WriteProcessMemory request was completed. (0x12B)
[0221/171053.186:ERROR:process_memory_win.cc(73)] ReadMemory at 0x1fb6dcfbe40 of 132 bytes failed: Only part of a ReadProcessMemory or WriteProcessMemory request was completed. (0x12B)
[0221/171053.186:ERROR:process_memory_win.cc(73)] ReadMemory at 0x1fb6dcfbf70 of 132 bytes failed: Only part of a ReadProcessMemory or WriteProcessMemory request was completed. (0x12B)
[0221/171053.186:ERROR:process_memory_win.cc(73)] ReadMemory at 0x1fb6dcfc0a0 of 132 bytes failed: Only part of a ReadProcessMemory or WriteProcessMemory request was completed. (0x12B)
[0221/171053.186:ERROR:process_memory_win.cc(73)] ReadMemory at 0x1fb6dcfc1d0 of 132 bytes failed: Only part of a ReadProcessMemory or WriteProcessMemory request was completed. (0x12B)
[0221/171053.186:ERROR:process_memory_win.cc(73)] ReadMemory at 0x1fb6dcfc430 of 132 bytes failed: Only part of a ReadProcessMemory or WriteProcessMemory request was completed. (0x12B)
[0221/171053.186:ERROR:process_memory_win.cc(73)] ReadMemory at 0x1fb6dcfc560 of 132 bytes failed: Only part of a ReadProcessMemory or WriteProcessMemory request was completed. (0x12B)
[0221/171053.186:ERROR:process_memory_win.cc(73)] ReadMemory at 0x1fb6dcfc690 of 132 bytes failed: Only part of a ReadProcessMemory or WriteProcessMemory request was completed. (0x12B)
[0221/171053.186:ERROR:process_memory_win.cc(73)] ReadMemory at 0x1fb6dcfc7c0 of 132 bytes failed: Only part of a ReadProcessMemory or WriteProcessMemory request was completed. (0x12B)
[0221/171053.186:ERROR:process_memory_win.cc(73)] ReadMemory at 0x1fb6dcfc8f0 of 132 bytes failed: Only part of a ReadProcessMemory or WriteProcessMemory request was completed. (0x12B)
[0221/171053.186:ERROR:process_memory_win.cc(73)] ReadMemory at 0x1fb6dcfda90 of 132 bytes failed: Only part of a ReadProcessMemory or WriteProcessMemory request was completed. (0x12B)
[0221/171053.186:ERROR:process_memory_win.cc(73)] ReadMemory at 0x1fb6dcfdd00 of 132 bytes failed: Only part of a ReadProcessMemory or WriteProcessMemory request was completed. (0x12B)
[0221/171053.186:ERROR:process_memory_win.cc(73)] ReadMemory at 0x1fb6dcfde30 of 132 bytes failed: Only part of a ReadProcessMemory or WriteProcessMemory request was completed. (0x12B)
[0221/171053.186:ERROR:process_memory_win.cc(73)] ReadMemory at 0x1fb6dcfe110 of 132 bytes failed: Only part of a ReadProcessMemory or WriteProcessMemory request was completed. (0x12B)
[0221/171053.186:ERROR:process_memory_win.cc(73)] ReadMemory at 0x1fb6dcfecd0 of 132 bytes failed: Only part of a ReadProcessMemory or WriteProcessMemory request was completed. (0x12B)
[0221/171053.186:ERROR:process_memory_win.cc(73)] ReadMemory at 0x1fb6dd00190 of 132 bytes failed: Only part of a ReadProcessMemory or WriteProcessMemory request was completed. (0x12B)
[0221/171053.186:ERROR:process_memory_win.cc(73)] ReadMemory at 0x1fb6dd002c0 of 132 bytes failed: Only part of a ReadProcessMemory or WriteProcessMemory request was completed. (0x12B)
[0221/171053.186:ERROR:process_memory_win.cc(73)] ReadMemory at 0x1fb6dd04900 of 54 bytes failed: Only part of a ReadProcessMemory or WriteProcessMemory request was completed. (0x12B)
[0221/171053.187:ERROR:process_memory_win.cc(73)] ReadMemory at 0x1fb6dd05080 of 76 bytes failed: Only part of a ReadProcessMemory or WriteProcessMemory request was completed. (0x12B)
[0221/171053.187:ERROR:process_memory_win.cc(73)] ReadMemory at 0x1fb6dd05a40 of 78 bytes failed: Only part of a ReadProcessMemory or WriteProcessMemory request was completed. (0x12B)
[0221/171053.187:ERROR:process_memory_win.cc(73)] ReadMemory at 0x1fb6dd06030 of 62 bytes failed: Only part of a ReadProcessMemory or WriteProcessMemory request was completed. (0x12B)
[0221/171053.187:ERROR:process_memory_win.cc(73)] ReadMemory at 0x1fb6dd06170 of 66 bytes failed: Only part of a ReadProcessMemory or WriteProcessMemory request was completed. (0x12B)
[0221/171053.187:ERROR:process_memory_win.cc(73)] ReadMemory at 0x1fb6dd06210 of 64 bytes failed: Only part of a ReadProcessMemory or WriteProcessMemory request was completed. (0x12B)
[0221/171053.187:ERROR:process_memory_win.cc(73)] ReadMemory at 0x1fb6dd065d0 of 64 bytes failed: Only part of a ReadProcessMemory or WriteProcessMemory request was completed. (0x12B)
[0221/171053.187:ERROR:process_memory_win.cc(73)] ReadMemory at 0x1fb6dd06620 of 58 bytes failed: Only part of a ReadProcessMemory or WriteProcessMemory request was completed. (0x12B)
[0221/171053.187:ERROR:process_memory_win.cc(73)] ReadMemory at 0x1fb6dd06670 of 60 bytes failed: Only part of a ReadProcessMemory or WriteProcessMemory request was completed. (0x12B)
[0221/171053.187:ERROR:process_memory_win.cc(73)] ReadMemory at 0x1fb6dd06710 of 62 bytes failed: Only part of a ReadProcessMemory or WriteProcessMemory request was completed. (0x12B)
[0221/171053.187:ERROR:process_memory_win.cc(73)] ReadMemory at 0x1fb6dd067b0 of 62 bytes failed: Only part of a ReadProcessMemory or WriteProcessMemory request was completed. (0x12B)
[0221/171053.187:ERROR:process_memory_win.cc(73)] ReadMemory at 0x1fb6dd06800 of 62 bytes failed: Only part of a ReadProcessMemory or WriteProcessMemory request was completed. (0x12B)
[0221/171053.187:ERROR:process_memory_win.cc(73)] ReadMemory at 0x1fb6dd06940 of 64 bytes failed: Only part of a ReadProcessMemory or WriteProcessMemory request was completed. (0x12B)
[0221/171053.187:ERROR:process_memory_win.cc(73)] ReadMemory at 0x1fb6dd06b20 of 60 bytes failed: Only part of a ReadProcessMemory or WriteProcessMemory request was completed. (0x12B)
[0221/171053.187:ERROR:process_memory_win.cc(73)] ReadMemory at 0x1fb6dd06b70 of 62 bytes failed: Only part of a ReadProcessMemory or WriteProcessMemory request was completed. (0x12B)
[0221/171053.187:ERROR:process_memory_win.cc(73)] ReadMemory at 0x1fb6dd06bc0 of 62 bytes failed: Only part of a ReadProcessMemory or WriteProcessMemory request was completed. (0x12B)
[0221/171053.187:ERROR:process_memory_win.cc(73)] ReadMemory at 0x1fb6dd06c10 of 60 bytes failed: Only part of a ReadProcessMemory or WriteProcessMemory request was completed. (0x12B)
[0221/171053.187:ERROR:process_memory_win.cc(73)] ReadMemory at 0x1fb6dd06d50 of 64 bytes failed: Only part of a ReadProcessMemory or WriteProcessMemory request was completed. (0x12B)
[0221/171053.187:ERROR:process_memory_win.cc(73)] ReadMemory at 0x1fb6dd06df0 of 60 bytes failed: Only part of a ReadProcessMemory or WriteProcessMemory request was completed. (0x12B)
[0221/171053.187:ERROR:process_memory_win.cc(73)] ReadMemory at 0x1fb6dd06e40 of 62 bytes failed: Only part of a ReadProcessMemory or WriteProcessMemory request was completed. (0x12B)
[0221/171053.188:ERROR:process_memory_win.cc(73)] ReadMemory at 0x1fb6dd06f30 of 62 bytes failed: Only part of a ReadProcessMemory or WriteProcessMemory request was completed. (0x12B)
[0221/171053.188:ERROR:process_memory_win.cc(73)] ReadMemory at 0x1fb6dd07d10 of 132 bytes failed: Only part of a ReadProcessMemory or WriteProcessMemory request was completed. (0x12B)
[0221/171053.188:ERROR:process_memory_win.cc(73)] ReadMemory at 0x1fb6dd07f70 of 132 bytes failed: Only part of a ReadProcessMemory or WriteProcessMemory request was completed. (0x12B)
[0221/171053.188:ERROR:process_memory_win.cc(73)] ReadMemory at 0x1fb6dd080a0 of 132 bytes failed: Only part of a ReadProcessMemory or WriteProcessMemory request was completed. (0x12B)
[0221/171053.188:ERROR:process_memory_win.cc(73)] ReadMemory at 0x1fb6dd081d0 of 132 bytes failed: Only part of a ReadProcessMemory or WriteProcessMemory request was completed. (0x12B)
[0221/171053.188:ERROR:process_memory_win.cc(73)] ReadMemory at 0x1fb6dd08300 of 132 bytes failed: Only part of a ReadProcessMemory or WriteProcessMemory request was completed. (0x12B)
[0221/171053.188:ERROR:process_memory_win.cc(73)] ReadMemory at 0x1fb6dd08430 of 132 bytes failed: Only part of a ReadProcessMemory or WriteProcessMemory request was completed. (0x12B)
[0221/171053.188:ERROR:process_memory_win.cc(73)] ReadMemory at 0x1fb6dd08560 of 132 bytes failed: Only part of a ReadProcessMemory or WriteProcessMemory request was completed. (0x12B)
[0221/171053.188:ERROR:process_memory_win.cc(73)] ReadMemory at 0x1fb6dd08690 of 132 bytes failed: Only part of a ReadProcessMemory or WriteProcessMemory request was completed. (0x12B)
[0221/171053.188:ERROR:process_memory_win.cc(73)] ReadMemory at 0x1fb6dd087c0 of 132 bytes failed: Only part of a ReadProcessMemory or WriteProcessMemory request was completed. (0x12B)
[0221/171053.188:ERROR:process_memory_win.cc(73)] ReadMemory at 0x1fb6dd08c80 of 132 bytes failed: Only part of a ReadProcessMemory or WriteProcessMemory request was completed. (0x12B)
[0221/171053.188:ERROR:process_memory_win.cc(73)] ReadMemory at 0x1fb6dd09010 of 132 bytes failed: Only part of a ReadProcessMemory or WriteProcessMemory request was completed. (0x12B)
[0221/171053.188:ERROR:process_memory_win.cc(73)] ReadMemory at 0x1fb6dd09140 of 132 bytes failed: Only part of a ReadProcessMemory or WriteProcessMemory request was completed. (0x12B)
[0221/171053.188:ERROR:process_memory_win.cc(73)] ReadMemory at 0x1fb6dd09270 of 132 bytes failed: Only part of a ReadProcessMemory or WriteProcessMemory request was completed. (0x12B)
[0221/171053.188:ERROR:process_memory_win.cc(73)] ReadMemory at 0x1fb6dd093a0 of 132 bytes failed: Only part of a ReadProcessMemory or WriteProcessMemory request was completed. (0x12B)
[0221/171053.188:ERROR:process_memory_win.cc(73)] ReadMemory at 0x1fb6dd094d0 of 132 bytes failed: Only part of a ReadProcessMemory or WriteProcessMemory request was completed. (0x12B)
[0221/171053.188:ERROR:process_memory_win.cc(73)] ReadMemory at 0x1fb6dd09600 of 132 bytes failed: Only part of a ReadProcessMemory or WriteProcessMemory request was completed. (0x12B)
[0221/171053.188:ERROR:process_memory_win.cc(73)] ReadMemory at 0x1fb6dd09730 of 132 bytes failed: Only part of a ReadProcessMemory or WriteProcessMemory request was completed. (0x12B)
[0221/171053.190:ERROR:process_memory_win.cc(73)] ReadMemory at 0x1fb6dd09860 of 132 bytes failed: Only part of a ReadProcessMemory or WriteProcessMemory request was completed. (0x12B)
[0221/171053.190:ERROR:process_memory_win.cc(73)] ReadMemory at 0x1fb6dd09990 of 132 bytes failed: Only part of a ReadProcessMemory or WriteProcessMemory request was completed. (0x12B)
[0221/171053.190:ERROR:process_memory_win.cc(73)] ReadMemory at 0x1fb6dd15a40 of 62 bytes failed: Only part of a ReadProcessMemory or WriteProcessMemory request was completed. (0x12B)
[0221/171053.190:ERROR:process_memory_win.cc(73)] ReadMemory at 0x1fb6dd15ae0 of 60 bytes failed: Only part of a ReadProcessMemory or WriteProcessMemory request was completed. (0x12B)
[0221/171053.190:ERROR:process_memory_win.cc(73)] ReadMemory at 0x1fb6dd15bd0 of 58 bytes failed: Only part of a ReadProcessMemory or WriteProcessMemory request was completed. (0x12B)
[0221/171053.190:ERROR:process_memory_win.cc(73)] ReadMemory at 0x1fb6dd16080 of 62 bytes failed: Only part of a ReadProcessMemory or WriteProcessMemory request was completed. (0x12B)
[0221/171053.190:ERROR:process_memory_win.cc(73)] ReadMemory at 0x1fb6dd160d0 of 62 bytes failed: Only part of a ReadProcessMemory or WriteProcessMemory request was completed. (0x12B)
[0221/171053.190:ERROR:process_memory_win.cc(73)] ReadMemory at 0x1fb6dd16170 of 60 bytes failed: Only part of a ReadProcessMemory or WriteProcessMemory request was completed. (0x12B)
[0221/171053.191:ERROR:process_memory_win.cc(73)] ReadMemory at 0x1fb6dd16210 of 58 bytes failed: Only part of a ReadProcessMemory or WriteProcessMemory request was completed. (0x12B)
[0221/171053.191:ERROR:process_memory_win.cc(73)] ReadMemory at 0x1fb6dd16350 of 66 bytes failed: Only part of a ReadProcessMemory or WriteProcessMemory request was completed. (0x12B)
[0221/171053.191:ERROR:process_memory_win.cc(73)] ReadMemory at 0x1fb6dd16580 of 64 bytes failed: Only part of a ReadProcessMemory or WriteProcessMemory request was completed. (0x12B)
[0221/171053.191:ERROR:process_memory_win.cc(73)] ReadMemory at 0x1fb6dd234e0 of 512 bytes failed: Only part of a ReadProcessMemory or WriteProcessMemory request was completed. (0x12B)
[0221/171053.191:ERROR:process_memory_win.cc(73)] ReadMemory at 0x1fb6dd27480 of 512 bytes failed: Only part of a ReadProcessMemory or WriteProcessMemory request was completed. (0x12B)
[0221/171053.191:ERROR:process_memory_win.cc(73)] ReadMemory at 0x387522648cf0 of 512 bytes failed: Only part of a ReadProcessMemory or WriteProcessMemory request was completed. (0x12B)
[0221/171053.191:ERROR:process_memory_win.cc(73)] ReadMemory at 0x4a7648560b90 of 520 bytes failed: Only part of a ReadProcessMemory or WriteProcessMemory request was completed. (0x12B)
[0221/171053.191:ERROR:process_memory_win.cc(73)] ReadMemory at 0x7ffb21937e72 of 512 bytes failed: Only part of a ReadProcessMemory or WriteProcessMemory request was completed. (0x12B)
[0221/171053.191:ERROR:process_memory_win.cc(73)] ReadMemory at 0x7ffb21ccf0ec of 512 bytes failed: Only part of a ReadProcessMemory or WriteProcessMemory request was completed. (0x12B)
[0221/171053.191:ERROR:process_memory_win.cc(73)] ReadMemory at 0x7ffb22abf151 of 512 bytes failed: Only part of a ReadProcessMemory or WriteProcessMemory request was completed. (0x12B)
[0221/171053.191:ERROR:process_memory_win.cc(73)] ReadMemory at 0x7ffb253a0310 of 512 bytes failed: Only part of a ReadProcessMemory or WriteProcessMemory request was completed. (0x12B)
[0221/171053.191:ERROR:process_memory_win.cc(73)] ReadMemory at 0x7ffb71d0ff00 of 512 bytes failed: Only part of a ReadProcessMemory or WriteProcessMemory request was completed. (0x12B)
[0221/171053.191:ERROR:process_memory_win.cc(73)] ReadMemory at 0x7ffb71d5f754 of 672 bytes failed: Only part of a ReadProcessMemory or WriteProcessMemory request was completed. (0x12B)
[0221/171053.191:ERROR:process_memory_win.cc(73)] ReadMemory at 0x7ffb71d5fd54 of 512 bytes failed: Only part of a ReadProcessMemory or WriteProcessMemory request was completed. (0x12B)
[0221/171053.191:ERROR:process_memory_win.cc(73)] ReadMemory at 0x7ffb71d62fe4 of 608 bytes failed: Only part of a ReadProcessMemory or WriteProcessMemory request was completed. (0x12B)
[0221/171053.191:ERROR:process_memory_win.cc(73)] ReadMemory at 0x7ffb71dec0c8 of 18 bytes failed: Only part of a ReadProcessMemory or WriteProcessMemory request was completed. (0x12B)
[0221/171053.191:ERROR:process_memory_win.cc(73)] ReadMemory at 0x7ffb71e1f4f8 of 40 bytes failed: Only part of a ReadProcessMemory or WriteProcessMemory request was completed. (0x12B)
[0221/171053.191:ERROR:process_memory_win.cc(73)] ReadMemory at 0x7ffb71e1f978 of 48 bytes failed: Only part of a ReadProcessMemory or WriteProcessMemory request was completed. (0x12B)
[0221/171053.192:ERROR:process_memory_win.cc(73)] ReadMemory at 0x7ffb71e253a0 of 64 bytes failed: Only part of a ReadProcessMemory or WriteProcessMemory request was completed. (0x12B)
[0221/171053.193:ERROR:scoped_process_suspend.cc(40)] NtResumeProcess: An attempt was made to access an exiting process. (0xc000010a)
[0221/171457.427:ERROR:process_reader_win.cc(151)] SuspendThread: Access is denied. (0x5)
[0221/171457.428:ERROR:process_reader_win.cc(151)] SuspendThread: Access is denied. (0x5)
[0221/171457.428:ERROR:process_reader_win.cc(151)] SuspendThread: Access is denied. (0x5)
[0221/171457.428:ERROR:process_reader_win.cc(123)] NtOpenThread: {Access Denied} A process has requested access to an object, but has not been granted those access rights. (0xc0000022)
[0221/171457.428:ERROR:exception_snapshot_win.cc(98)] thread ID 9712 not found in process
[0221/171513.462:ERROR:process_reader_win.cc(151)] SuspendThread: Access is denied. (0x5)
[0221/171513.463:ERROR:process_reader_win.cc(151)] SuspendThread: Access is denied. (0x5)
[0221/171513.463:ERROR:process_reader_win.cc(151)] SuspendThread: Access is denied. (0x5)
[0221/171513.463:ERROR:process_reader_win.cc(123)] NtOpenThread: {Access Denied} A process has requested access to an object, but has not been granted those access rights. (0xc0000022)
[0221/171513.464:ERROR:exception_snapshot_win.cc(98)] thread ID 7224 not found in process
[0221/171543.048:ERROR:process_reader_win.cc(151)] SuspendThread: Access is denied. (0x5)
[0221/171543.049:ERROR:process_reader_win.cc(151)] SuspendThread: Access is denied. (0x5)
[0221/171543.049:ERROR:process_reader_win.cc(151)] SuspendThread: Access is denied. (0x5)
[0221/171543.049:ERROR:process_reader_win.cc(123)] NtOpenThread: {Access Denied} A process has requested access to an object, but has not been granted those access rights. (0xc0000022)
[0221/171543.050:ERROR:exception_snapshot_win.cc(98)] thread ID 2008 not found in process
[0221/171650.264:ERROR:process_reader_win.cc(151)] SuspendThread: Access is denied. (0x5)
[0221/171650.265:ERROR:process_reader_win.cc(151)] SuspendThread: Access is denied. (0x5)
[0221/171650.265:ERROR:process_reader_win.cc(151)] SuspendThread: Access is denied. (0x5)
[0221/171650.265:ERROR:process_reader_win.cc(123)] NtOpenThread: {Access Denied} A process has requested access to an object, but has not been granted those access rights. (0xc0000022)
[0221/171650.265:ERROR:exception_snapshot_win.cc(98)] thread ID 9804 not found in process
[0221/171719.088:ERROR:process_reader_win.cc(151)] SuspendThread: Access is denied. (0x5)
[0221/171719.089:ERROR:process_reader_win.cc(151)] SuspendThread: Access is denied. (0x5)
[0221/171719.089:ERROR:process_reader_win.cc(151)] SuspendThread: Access is denied. (0x5)
[0221/171719.089:ERROR:process_reader_win.cc(123)] NtOpenThread: {Access Denied} A process has requested access to an object, but has not been granted those access rights. (0xc0000022)
[0221/171719.089:ERROR:exception_snapshot_win.cc(98)] thread ID 12472 not found in process
[0221/171736.339:ERROR:process_reader_win.cc(151)] SuspendThread: Access is denied. (0x5)
[0221/171736.342:ERROR:process_reader_win.cc(151)] SuspendThread: Access is denied. (0x5)
[0221/171736.342:ERROR:process_reader_win.cc(123)] NtOpenThread: {Access Denied} A process has requested access to an object, but has not been granted those access rights. (0xc0000022)
[0221/171736.342:ERROR:exception_snapshot_win.cc(98)] thread ID 12212 not found in process
[0221/172052.539:ERROR:process_reader_win.cc(151)] SuspendThread: Access is denied. (0x5)
[0221/172052.540:ERROR:process_reader_win.cc(151)] SuspendThread: Access is denied. (0x5)
[0221/172052.540:ERROR:process_reader_win.cc(151)] SuspendThread: Access is denied. (0x5)
[0221/172052.540:ERROR:process_reader_win.cc(123)] NtOpenThread: {Access Denied} A process has requested access to an object, but has not been granted those access rights. (0xc0000022)
[0221/172052.541:ERROR:exception_snapshot_win.cc(98)] thread ID 7348 not found in process
[0221/173141.786:ERROR:process_reader_win.cc(151)] SuspendThread: Access is denied. (0x5)
[0221/173141.788:ERROR:process_reader_win.cc(123)] NtOpenThread: {Access Denied} A process has requested access to an object, but has not been granted those access rights. (0xc0000022)
[0221/173141.788:ERROR:exception_snapshot_win.cc(98)] thread ID 11908 not found in process
[0221/173247.956:ERROR:process_reader_win.cc(151)] SuspendThread: Access is denied. (0x5)
[0221/173247.958:ERROR:process_reader_win.cc(151)] SuspendThread: Access is denied. (0x5)
[0221/173247.958:ERROR:process_reader_win.cc(151)] SuspendThread: Access is denied. (0x5)
[0221/173247.958:ERROR:process_reader_win.cc(123)] NtOpenThread: {Access Denied} A process has requested access to an object, but has not been granted those access rights. (0xc0000022)
[0221/173247.958:ERROR:exception_snapshot_win.cc(98)] thread ID 12264 not found in process
[0221/173437.931:ERROR:process_reader_win.cc(151)] SuspendThread: Access is denied. (0x5)
[0221/173437.933:ERROR:process_reader_win.cc(151)] SuspendThread: Access is denied. (0x5)
[0221/173437.933:ERROR:process_reader_win.cc(151)] SuspendThread: Access is denied. (0x5)
[0221/173437.933:ERROR:process_reader_win.cc(151)] SuspendThread: Access is denied. (0x5)
[0221/173437.933:ERROR:process_reader_win.cc(151)] SuspendThread: Access is denied. (0x5)
[0221/173437.933:ERROR:process_reader_win.cc(123)] NtOpenThread: {Access Denied} A process has requested access to an object, but has not been granted those access rights. (0xc0000022)
[0221/173437.933:ERROR:exception_snapshot_win.cc(98)] thread ID 9980 not found in process
[0222/112159.726:ERROR:process_reader_win.cc(123)] NtOpenThread: {Access Denied} A process has requested access to an object, but has not been granted those access rights. (0xc0000022)
[0222/112159.871:ERROR:exception_snapshot_win.cc(98)] thread ID 12020 not found in process
